<?xml version="1.0" encoding="UTF-8"?>
<!-- Generated by org.testng.reporters.JUnitReportReporter -->
<testsuite hostname="LIN41006202" failures="0" tests="1" name="testrunner.Checkout_TestRunner_Excel" time="27.395" errors="0" timestamp="2023-06-09T11:11:04 IST" skipped="0">
  <testcase classname="testrunner.Checkout_TestRunner_Excel" name="runScenario" time="27.395"/>
  <system-out/>
</testsuite> <!-- testrunner.Checkout_TestRunner_Excel -->
